<?xml version="1.0" encoding="UTF-8"?>
<testng-results ignored="0" total="3" passed="3" failed="0" skipped="0">
  <reporter-output>
  </reporter-output>
  <suite started-at="2023-02-02T15:49:18 IST" name="Default suite" finished-at="2023-02-02T15:51:00 IST" duration-ms="102132">
    <groups>
      <group name="cucumber">
        <method signature="AbstractTestNGCucumberTests.runScenario(io.cucumber.testng.PickleWrapper, io.cucumber.testng.FeatureWrapper)[pri:0, instance:runner.TestRunner@5b799640]" name="runScenario" class="io.cucumber.testng.AbstractTestNGCucumberTests"/>
      </group> <!-- cucumber -->
    </groups>
    <test started-at="2023-02-02T15:49:18 IST" name="Default test" finished-at="2023-02-02T15:51:00 IST" duration-ms="102132">
      <class name="runner.TestRunner">
        <test-method is-config="true" signature="setUpClass()[pri:0, instance:runner.TestRunner@5b799640]" started-at="2023-02-02T15:49:18 IST" name="setUpClass" finished-at="2023-02-02T15:49:19 IST" duration-ms="1071" status="PASS">
          <reporter-output>
          </reporter-output>
        </test-method> <!-- setUpClass -->
        <test-method signature="runScenario(io.cucumber.testng.PickleWrapper, io.cucumber.testng.FeatureWrapper)[pri:0, instance:runner.TestRunner@5b799640]" started-at="2023-02-02T15:49:19 IST" name="runScenario" description="Runs Cucumber Scenarios" data-provider="scenarios" finished-at="2023-02-02T15:49:52 IST" duration-ms="33470" status="PASS">
          <params>
            <param index="0">
              <value>
                <![CDATA["Create new lead with name as "Smith""]]>
              </value>
            </param>
            <param index="1">
              <value>
                <![CDATA["Optional[Test the create lead and delete created lead functinality]"]]>
              </value>
            </param>
          </params>
          <reporter-output>
          </reporter-output>
        </test-method> <!-- runScenario -->
        <test-method signature="runScenario(io.cucumber.testng.PickleWrapper, io.cucumber.testng.FeatureWrapper)[pri:0, instance:runner.TestRunner@5b799640]" started-at="2023-02-02T15:49:52 IST" name="runScenario" description="Runs Cucumber Scenarios" data-provider="scenarios" finished-at="2023-02-02T15:50:23 IST" duration-ms="31081" status="PASS">
          <params>
            <param index="0">
              <value>
                <![CDATA["Create new lead with name as "Jeff""]]>
              </value>
            </param>
            <param index="1">
              <value>
                <![CDATA["Optional[Test the create lead and delete created lead functinality]"]]>
              </value>
            </param>
          </params>
          <reporter-output>
          </reporter-output>
        </test-method> <!-- runScenario -->
        <test-method signature="runScenario(io.cucumber.testng.PickleWrapper, io.cucumber.testng.FeatureWrapper)[pri:0, instance:runner.TestRunner@5b799640]" started-at="2023-02-02T15:50:23 IST" name="runScenario" description="Runs Cucumber Scenarios" data-provider="scenarios" finished-at="2023-02-02T15:50:55 IST" duration-ms="32085" status="PASS">
          <params>
            <param index="0">
              <value>
                <![CDATA["Delete all the created leads"]]>
              </value>
            </param>
            <param index="1">
              <value>
                <![CDATA["Optional[Test the create lead and delete created lead functinality]"]]>
              </value>
            </param>
          </params>
          <reporter-output>
          </reporter-output>
        </test-method> <!-- runScenario -->
        <test-method is-config="true" signature="tearDownClass()[pri:0, instance:runner.TestRunner@5b799640]" started-at="2023-02-02T15:50:55 IST" name="tearDownClass" finished-at="2023-02-02T15:51:00 IST" duration-ms="4375" status="PASS">
          <reporter-output>
          </reporter-output>
        </test-method> <!-- tearDownClass -->
      </class> <!-- runner.TestRunner -->
    </test> <!-- Default test -->
  </suite> <!-- Default suite -->
</testng-results>
